<?xml version="1.0" encoding="UTF-8"?>
<testsuite xmlns:xsi="http://www.w3.org/2001/XMLSchema-instance" xsi:noNamespaceSchemaLocation="https://maven.apache.org/surefire/maven-surefire-plugin/xsd/surefire-test-report.xsd" name="hex.board.cell.CellTest" time="0.126" tests="12" errors="0" skipped="0" failures="0">
  <properties>
[...]
</properties>
  <testcase name="shouldSetCellOnDirWithNotCorrectDir" classname="hex.board.cell.CellTest" time="0.078"/>
  <testcase name="shouldGetCellOnDirWhenIsInexistantDirection" classname="hex.board.cell.CellTest" time="0.003"/>
  <testcase name="shouldCopyCell" classname="hex.board.cell.CellTest" time="0.006"/>
  <testcase name="shouldCreateInvalidCell" classname="hex.board.cell.CellTest" time="0.004"/>
  <testcase name="shouldSetValidState" classname="hex.board.cell.CellTest" time="0"/>
  <testcase name="shouldSetCellOnDirWithNotCorrectCell" classname="hex.board.cell.CellTest" time="0.009"/>
  <testcase name="shouldGetCellOnDirWhenIsNull" classname="hex.board.cell.CellTest" time="0"/>
  <testcase name="shouldSetCellOnDirWithSameCell" classname="hex.board.cell.CellTest" time="0"/>
  <testcase name="shouldCreateValidCell" classname="hex.board.cell.CellTest" time="0"/>
  <testcase name="shouldSetCellOnDirWithCorrect" classname="hex.board.cell.CellTest" time="0"/>
  <testcase name="shouldSetCellOnDirWhenDirectionIsNull" classname="hex.board.cell.CellTest" time="0.002"/>
  <testcase name="shouldSetInvalidState" classname="hex.board.cell.CellTest" time="0.002"/>
</testsuite>